<?xml version="1.0" encoding="UTF-8"?>
<!-- Generated by org.testng.reporters.JUnitXMLReporter -->
<testsuite ignored="0" hostname="LAPTOP-HHUMO6R2" failures="0" tests="3" name="java-test" time="9.753" errors="0" timestamp="2021-10-16T22:03:47 IST">
  <testcase classname="com.searchmodule.tests.SearchTest" name="justGoToTheSite" time="0.876"/>
  <testcase classname="com.searchmodule.tests.SearchTest" name="justGoToTheSiteOnceAgain" time="0.286"/>
  <testcase classname="com.searchmodule.tests.SearchTest" name="search" time="2.827"/>
</testsuite> <!-- java-test -->
