<?xml version="1.0" encoding="UTF-8"?>
<!-- Generated by org.testng.reporters.JUnitXMLReporter -->
<testsuite ignored="0" hostname="LAPTOP-HHUMO6R2" failures="0" tests="3" name="qa-test" time="5.005" errors="0" timestamp="2021-10-16T22:03:52 IST">
  <testcase classname="com.searchmodule.tests.SearchTest" name="justGoToTheSite" time="0.804"/>
  <testcase classname="com.searchmodule.tests.SearchTest" name="justGoToTheSiteOnceAgain" time="0.265"/>
  <testcase classname="com.searchmodule.tests.SearchTest" name="search" time="3.216"/>
</testsuite> <!-- qa-test -->
