<?xml version="1.0" encoding="UTF-8"?>
<!-- Generated by org.testng.reporters.JUnitXMLReporter -->
<testsuite ignored="0" hostname="LAPTOP-HHUMO6R2" failures="0" tests="3" name="selenium-test" time="5.187" errors="0" timestamp="2021-10-16T22:03:57 IST">
  <testcase classname="com.searchmodule.tests.SearchTest" name="justGoToTheSite" time="1.103"/>
  <testcase classname="com.searchmodule.tests.SearchTest" name="justGoToTheSiteOnceAgain" time="0.26"/>
  <testcase classname="com.searchmodule.tests.SearchTest" name="search" time="3.063"/>
</testsuite> <!-- selenium-test -->
