<?xml version="1.0" encoding="UTF-8"?>
<!-- Generated by org.testng.reporters.JUnitXMLReporter -->
<testsuite ignored="1" hostname="Suhails-MacDoo.local" failures="0" tests="1" name="Default test" time="10.643" errors="0" timestamp="2022-05-06T12:06:12 IST">
  <testcase classname="com.searchmodule.tests.SearchTest" name="search" time="6.543"/>
  <testcase classname="com.searchmodule.tests.SearchTest" name="goToSearchPage" time="0.0">
    <ignored/>
  </testcase> <!-- goToSearchPage -->
</testsuite> <!-- Default test -->
