<?xml version="1.0" encoding="UTF-8"?>
<testng-results ignored="0" total="2" passed="2" failed="0" skipped="0">
  <reporter-output>
  </reporter-output>
  <suite started-at="2021-10-16T11:56:58 IST" name="search-module" finished-at="2021-10-16T11:57:06 IST" duration-ms="7989">
    <groups>
    </groups>
    <test started-at="2021-10-16T11:56:58 IST" name="java-test" finished-at="2021-10-16T11:57:03 IST" duration-ms="4302">
      <class name="com.searchmodule.tests.SearchTest">
        <test-method is-config="true" signature="setupDriver()[pri:0, instance:com.searchmodule.tests.SearchTest@1445d7f]" started-at="2021-10-16T11:56:58 IST" name="setupDriver" finished-at="2021-10-16T11:56:59 IST" duration-ms="973" status="PASS">
          <reporter-output>
          </reporter-output>
        </test-method> <!-- setupDriver -->
        <test-method signature="search(java.lang.String)[pri:0, instance:com.searchmodule.tests.SearchTest@1445d7f]" started-at="2021-10-16T11:56:59 IST" name="search" finished-at="2021-10-16T11:57:02 IST" duration-ms="3230" status="PASS">
          <params>
            <param index="0">
              <value>
                <![CDATA[java]]>
              </value>
            </param>
          </params>
          <reporter-output>
          </reporter-output>
        </test-method> <!-- search -->
        <test-method is-config="true" signature="tearDown()[pri:0, instance:com.searchmodule.tests.SearchTest@1445d7f]" started-at="2021-10-16T11:57:02 IST" name="tearDown" finished-at="2021-10-16T11:57:03 IST" duration-ms="70" status="PASS">
          <reporter-output>
          </reporter-output>
        </test-method> <!-- tearDown -->
      </class> <!-- com.searchmodule.tests.SearchTest -->
    </test> <!-- java-test -->
    <test started-at="2021-10-16T11:57:03 IST" name="qa-test" finished-at="2021-10-16T11:57:06 IST" duration-ms="3610">
      <class name="com.searchmodule.tests.SearchTest">
        <test-method is-config="true" signature="setupDriver()[pri:0, instance:com.searchmodule.tests.SearchTest@226a82c4]" started-at="2021-10-16T11:57:03 IST" name="setupDriver" finished-at="2021-10-16T11:57:03 IST" duration-ms="437" status="PASS">
          <reporter-output>
          </reporter-output>
        </test-method> <!-- setupDriver -->
        <test-method signature="search(java.lang.String)[pri:0, instance:com.searchmodule.tests.SearchTest@226a82c4]" started-at="2021-10-16T11:57:03 IST" name="search" finished-at="2021-10-16T11:57:06 IST" duration-ms="3054" status="PASS">
          <params>
            <param index="0">
              <value>
                <![CDATA[qa]]>
              </value>
            </param>
          </params>
          <reporter-output>
          </reporter-output>
        </test-method> <!-- search -->
        <test-method is-config="true" signature="tearDown()[pri:0, instance:com.searchmodule.tests.SearchTest@226a82c4]" started-at="2021-10-16T11:57:06 IST" name="tearDown" finished-at="2021-10-16T11:57:06 IST" duration-ms="118" status="PASS">
          <reporter-output>
          </reporter-output>
        </test-method> <!-- tearDown -->
      </class> <!-- com.searchmodule.tests.SearchTest -->
    </test> <!-- qa-test -->
  </suite> <!-- search-module -->
</testng-results>
