<?xml version="1.0" encoding="UTF-8"?>
<testng-results skipped="0" failed="0" ignored="0" total="6" passed="6">
  <reporter-output>
  </reporter-output>
  <suite name="search-module" duration-ms="155906" started-at="2022-05-06T07:47:25 GMT" finished-at="2022-05-06T07:50:01 GMT">
    <groups>
    </groups>
    <test name="java-test" duration-ms="53250" started-at="2022-05-06T07:47:25 GMT" finished-at="2022-05-06T07:48:18 GMT">
      <class name="com.searchmodule.tests.SearchTest">
        <test-method status="PASS" signature="setupDriver()[pri:0, instance:com.searchmodule.tests.SearchTest@6e1ec318]" name="setupDriver" is-config="true" duration-ms="22708" started-at="2022-05-06T07:47:25 GMT" finished-at="2022-05-06T07:47:48 GMT">
          <reporter-output>
          </reporter-output>
        </test-method> <!-- setupDriver -->
        <test-method status="PASS" signature="goToSearchPage()[pri:0, instance:com.searchmodule.tests.SearchTest@6e1ec318]" name="goToSearchPage" duration-ms="7942" started-at="2022-05-06T07:47:48 GMT" finished-at="2022-05-06T07:47:56 GMT">
          <reporter-output>
          </reporter-output>
        </test-method> <!-- goToSearchPage -->
        <test-method status="PASS" signature="search(java.lang.String)[pri:0, instance:com.searchmodule.tests.SearchTest@6e1ec318]" name="search" duration-ms="18252" started-at="2022-05-06T07:47:56 GMT" finished-at="2022-05-06T07:48:14 GMT">
          <params>
            <param index="0">
              <value>
                <![CDATA[java]]>
              </value>
            </param>
          </params>
          <reporter-output>
          </reporter-output>
        </test-method> <!-- search -->
        <test-method status="PASS" signature="tearDown()[pri:0, instance:com.searchmodule.tests.SearchTest@6e1ec318]" name="tearDown" is-config="true" duration-ms="4254" started-at="2022-05-06T07:48:14 GMT" finished-at="2022-05-06T07:48:18 GMT">
          <reporter-output>
          </reporter-output>
        </test-method> <!-- tearDown -->
      </class> <!-- com.searchmodule.tests.SearchTest -->
    </test> <!-- java-test -->
    <test name="qa-test" duration-ms="53730" started-at="2022-05-06T07:48:18 GMT" finished-at="2022-05-06T07:49:12 GMT">
      <class name="com.searchmodule.tests.SearchTest">
        <test-method status="PASS" signature="setupDriver()[pri:0, instance:com.searchmodule.tests.SearchTest@1f28c152]" name="setupDriver" is-config="true" duration-ms="23536" started-at="2022-05-06T07:48:18 GMT" finished-at="2022-05-06T07:48:42 GMT">
          <reporter-output>
          </reporter-output>
        </test-method> <!-- setupDriver -->
        <test-method status="PASS" signature="goToSearchPage()[pri:0, instance:com.searchmodule.tests.SearchTest@1f28c152]" name="goToSearchPage" duration-ms="7112" started-at="2022-05-06T07:48:42 GMT" finished-at="2022-05-06T07:48:49 GMT">
          <reporter-output>
          </reporter-output>
        </test-method> <!-- goToSearchPage -->
        <test-method status="PASS" signature="search(java.lang.String)[pri:0, instance:com.searchmodule.tests.SearchTest@1f28c152]" name="search" duration-ms="18898" started-at="2022-05-06T07:48:49 GMT" finished-at="2022-05-06T07:49:08 GMT">
          <params>
            <param index="0">
              <value>
                <![CDATA[qa]]>
              </value>
            </param>
          </params>
          <reporter-output>
          </reporter-output>
        </test-method> <!-- search -->
        <test-method status="PASS" signature="tearDown()[pri:0, instance:com.searchmodule.tests.SearchTest@1f28c152]" name="tearDown" is-config="true" duration-ms="4180" started-at="2022-05-06T07:49:08 GMT" finished-at="2022-05-06T07:49:12 GMT">
          <reporter-output>
          </reporter-output>
        </test-method> <!-- tearDown -->
      </class> <!-- com.searchmodule.tests.SearchTest -->
    </test> <!-- qa-test -->
    <test name="selenium-test" duration-ms="48821" started-at="2022-05-06T07:49:12 GMT" finished-at="2022-05-06T07:50:01 GMT">
      <class name="com.searchmodule.tests.SearchTest">
        <test-method status="PASS" signature="setupDriver()[pri:0, instance:com.searchmodule.tests.SearchTest@6325a3ee]" name="setupDriver" is-config="true" duration-ms="20789" started-at="2022-05-06T07:49:12 GMT" finished-at="2022-05-06T07:49:33 GMT">
          <reporter-output>
          </reporter-output>
        </test-method> <!-- setupDriver -->
        <test-method status="PASS" signature="goToSearchPage()[pri:0, instance:com.searchmodule.tests.SearchTest@6325a3ee]" name="goToSearchPage" duration-ms="6777" started-at="2022-05-06T07:49:33 GMT" finished-at="2022-05-06T07:49:40 GMT">
          <reporter-output>
          </reporter-output>
        </test-method> <!-- goToSearchPage -->
        <test-method status="PASS" signature="search(java.lang.String)[pri:0, instance:com.searchmodule.tests.SearchTest@6325a3ee]" name="search" duration-ms="17675" started-at="2022-05-06T07:49:40 GMT" finished-at="2022-05-06T07:49:57 GMT">
          <params>
            <param index="0">
              <value>
                <![CDATA[selenium]]>
              </value>
            </param>
          </params>
          <reporter-output>
          </reporter-output>
        </test-method> <!-- search -->
        <test-method status="PASS" signature="tearDown()[pri:0, instance:com.searchmodule.tests.SearchTest@6325a3ee]" name="tearDown" is-config="true" duration-ms="3571" started-at="2022-05-06T07:49:57 GMT" finished-at="2022-05-06T07:50:01 GMT">
          <reporter-output>
          </reporter-output>
        </test-method> <!-- tearDown -->
      </class> <!-- com.searchmodule.tests.SearchTest -->
    </test> <!-- selenium-test -->
  </suite> <!-- search-module -->
</testng-results>
