<?xml version="1.0" encoding="UTF-8"?>
<testng-results skipped="0" failed="0" ignored="0" total="2" passed="2">
  <reporter-output>
  </reporter-output>
  <suite name="search-module" duration-ms="7843" started-at="2021-10-16T06:53:34 GMT" finished-at="2021-10-16T06:53:42 GMT">
    <groups>
    </groups>
    <test name="java-test" duration-ms="4088" started-at="2021-10-16T06:53:34 GMT" finished-at="2021-10-16T06:53:38 GMT">
      <class name="com.searchmodule.tests.SearchTest">
        <test-method status="PASS" signature="setupDriver()[pri:0, instance:com.searchmodule.tests.SearchTest@5622fdf]" name="setupDriver" is-config="true" duration-ms="923" started-at="2021-10-16T06:53:34 GMT" finished-at="2021-10-16T06:53:35 GMT">
          <reporter-output>
          </reporter-output>
        </test-method> <!-- setupDriver -->
        <test-method status="PASS" signature="search(java.lang.String)[pri:0, instance:com.searchmodule.tests.SearchTest@5622fdf]" name="search" duration-ms="3062" started-at="2021-10-16T06:53:35 GMT" finished-at="2021-10-16T06:53:38 GMT">
          <params>
            <param index="0">
              <value>
                <![CDATA[java]]>
              </value>
            </param>
          </params>
          <reporter-output>
          </reporter-output>
        </test-method> <!-- search -->
        <test-method status="PASS" signature="tearDown()[pri:0, instance:com.searchmodule.tests.SearchTest@5622fdf]" name="tearDown" is-config="true" duration-ms="68" started-at="2021-10-16T06:53:38 GMT" finished-at="2021-10-16T06:53:38 GMT">
          <reporter-output>
          </reporter-output>
        </test-method> <!-- tearDown -->
      </class> <!-- com.searchmodule.tests.SearchTest -->
    </test> <!-- java-test -->
    <test name="qa-test" duration-ms="3706" started-at="2021-10-16T06:53:38 GMT" finished-at="2021-10-16T06:53:42 GMT">
      <class name="com.searchmodule.tests.SearchTest">
        <test-method status="PASS" signature="setupDriver()[pri:0, instance:com.searchmodule.tests.SearchTest@59494225]" name="setupDriver" is-config="true" duration-ms="413" started-at="2021-10-16T06:53:38 GMT" finished-at="2021-10-16T06:53:38 GMT">
          <reporter-output>
          </reporter-output>
        </test-method> <!-- setupDriver -->
        <test-method status="PASS" signature="search(java.lang.String)[pri:0, instance:com.searchmodule.tests.SearchTest@59494225]" name="search" duration-ms="3176" started-at="2021-10-16T06:53:38 GMT" finished-at="2021-10-16T06:53:41 GMT">
          <params>
            <param index="0">
              <value>
                <![CDATA[qa]]>
              </value>
            </param>
          </params>
          <reporter-output>
          </reporter-output>
        </test-method> <!-- search -->
        <test-method status="PASS" signature="tearDown()[pri:0, instance:com.searchmodule.tests.SearchTest@59494225]" name="tearDown" is-config="true" duration-ms="114" started-at="2021-10-16T06:53:41 GMT" finished-at="2021-10-16T06:53:42 GMT">
          <reporter-output>
          </reporter-output>
        </test-method> <!-- tearDown -->
      </class> <!-- com.searchmodule.tests.SearchTest -->
    </test> <!-- qa-test -->
  </suite> <!-- search-module -->
</testng-results>
