<?xml version="1.0" encoding="UTF-8"?>
<testng-results ignored="0" total="6" passed="6" failed="0" skipped="0">
  <reporter-output>
  </reporter-output>
  <suite started-at="2022-05-06T12:06:32 IST" name="search-module" finished-at="2022-05-06T12:07:04 IST" duration-ms="32583">
    <groups>
    </groups>
    <test started-at="2022-05-06T12:06:32 IST" name="java-test" finished-at="2022-05-06T12:06:43 IST" duration-ms="11241">
      <class name="com.searchmodule.tests.SearchTest">
        <test-method is-config="true" signature="setupDriver(org.testng.ITestContext)[pri:0, instance:com.searchmodule.tests.SearchTest@2ed2d9cb]" started-at="2022-05-06T12:06:32 IST" name="setupDriver" finished-at="2022-05-06T12:06:35 IST" duration-ms="3577" status="PASS">
          <params>
            <param index="0">
              <value>
                <![CDATA[org.testng.TestRunner@21da4b5f]]>
              </value>
            </param>
          </params>
          <reporter-output>
          </reporter-output>
        </test-method> <!-- setupDriver -->
        <test-method signature="goToSearchPage()[pri:0, instance:com.searchmodule.tests.SearchTest@2ed2d9cb]" started-at="2022-05-06T12:06:35 IST" name="goToSearchPage" finished-at="2022-05-06T12:06:37 IST" duration-ms="1494" status="PASS">
          <reporter-output>
          </reporter-output>
        </test-method> <!-- goToSearchPage -->
        <test-method signature="search(java.lang.String)[pri:0, instance:com.searchmodule.tests.SearchTest@2ed2d9cb]" started-at="2022-05-06T12:06:37 IST" name="search" finished-at="2022-05-06T12:06:43 IST" duration-ms="6024" status="PASS">
          <params>
            <param index="0">
              <value>
                <![CDATA[java]]>
              </value>
            </param>
          </params>
          <reporter-output>
          </reporter-output>
        </test-method> <!-- search -->
        <test-method is-config="true" signature="tearDown()[pri:0, instance:com.searchmodule.tests.SearchTest@2ed2d9cb]" started-at="2022-05-06T12:06:43 IST" name="tearDown" finished-at="2022-05-06T12:06:43 IST" duration-ms="118" status="PASS">
          <reporter-output>
          </reporter-output>
        </test-method> <!-- tearDown -->
      </class> <!-- com.searchmodule.tests.SearchTest -->
    </test> <!-- java-test -->
    <test started-at="2022-05-06T12:06:43 IST" name="qa-test" finished-at="2022-05-06T12:06:54 IST" duration-ms="10744">
      <class name="com.searchmodule.tests.SearchTest">
        <test-method is-config="true" signature="setupDriver(org.testng.ITestContext)[pri:0, instance:com.searchmodule.tests.SearchTest@52b1beb6]" started-at="2022-05-06T12:06:43 IST" name="setupDriver" finished-at="2022-05-06T12:06:44 IST" duration-ms="1220" status="PASS">
          <params>
            <param index="0">
              <value>
                <![CDATA[org.testng.TestRunner@551e4c6d]]>
              </value>
            </param>
          </params>
          <reporter-output>
          </reporter-output>
        </test-method> <!-- setupDriver -->
        <test-method signature="goToSearchPage()[pri:0, instance:com.searchmodule.tests.SearchTest@52b1beb6]" started-at="2022-05-06T12:06:44 IST" name="goToSearchPage" finished-at="2022-05-06T12:06:45 IST" duration-ms="1436" status="PASS">
          <reporter-output>
          </reporter-output>
        </test-method> <!-- goToSearchPage -->
        <test-method signature="search(java.lang.String)[pri:0, instance:com.searchmodule.tests.SearchTest@52b1beb6]" started-at="2022-05-06T12:06:45 IST" name="search" finished-at="2022-05-06T12:06:53 IST" duration-ms="7948" status="PASS">
          <params>
            <param index="0">
              <value>
                <![CDATA[qa]]>
              </value>
            </param>
          </params>
          <reporter-output>
          </reporter-output>
        </test-method> <!-- search -->
        <test-method is-config="true" signature="tearDown()[pri:0, instance:com.searchmodule.tests.SearchTest@52b1beb6]" started-at="2022-05-06T12:06:53 IST" name="tearDown" finished-at="2022-05-06T12:06:54 IST" duration-ms="132" status="PASS">
          <reporter-output>
          </reporter-output>
        </test-method> <!-- tearDown -->
      </class> <!-- com.searchmodule.tests.SearchTest -->
    </test> <!-- qa-test -->
    <test started-at="2022-05-06T12:06:54 IST" name="selenium-test" finished-at="2022-05-06T12:07:04 IST" duration-ms="10565">
      <class name="com.searchmodule.tests.SearchTest">
        <test-method is-config="true" signature="setupDriver(org.testng.ITestContext)[pri:0, instance:com.searchmodule.tests.SearchTest@73e9cf30]" started-at="2022-05-06T12:06:54 IST" name="setupDriver" finished-at="2022-05-06T12:06:57 IST" duration-ms="3522" status="PASS">
          <params>
            <param index="0">
              <value>
                <![CDATA[org.testng.TestRunner@625a9c5d]]>
              </value>
            </param>
          </params>
          <reporter-output>
          </reporter-output>
        </test-method> <!-- setupDriver -->
        <test-method signature="goToSearchPage()[pri:0, instance:com.searchmodule.tests.SearchTest@73e9cf30]" started-at="2022-05-06T12:06:57 IST" name="goToSearchPage" finished-at="2022-05-06T12:06:59 IST" duration-ms="1412" status="PASS">
          <reporter-output>
          </reporter-output>
        </test-method> <!-- goToSearchPage -->
        <test-method signature="search(java.lang.String)[pri:0, instance:com.searchmodule.tests.SearchTest@73e9cf30]" started-at="2022-05-06T12:06:59 IST" name="search" finished-at="2022-05-06T12:07:04 IST" duration-ms="5517" status="PASS">
          <params>
            <param index="0">
              <value>
                <![CDATA[selenium]]>
              </value>
            </param>
          </params>
          <reporter-output>
          </reporter-output>
        </test-method> <!-- search -->
        <test-method is-config="true" signature="tearDown()[pri:0, instance:com.searchmodule.tests.SearchTest@73e9cf30]" started-at="2022-05-06T12:07:04 IST" name="tearDown" finished-at="2022-05-06T12:07:04 IST" duration-ms="106" status="PASS">
          <reporter-output>
          </reporter-output>
        </test-method> <!-- tearDown -->
      </class> <!-- com.searchmodule.tests.SearchTest -->
    </test> <!-- selenium-test -->
  </suite> <!-- search-module -->
</testng-results>
